<?xml version="1.0" encoding="UTF-8"?>
<testng-results ignored="0" total="3" passed="3" failed="0" skipped="0">
  <reporter-output>
  </reporter-output>
  <suite started-at="2024-11-13T12:34:27 IST" name="Gradle suite" finished-at="2024-11-13T12:35:19 IST" duration-ms="51759">
    <groups>
    </groups>
    <test started-at="2024-11-13T12:34:27 IST" name="Gradle test" finished-at="2024-11-13T12:35:19 IST" duration-ms="51759">
      <class name="qtriptest.tests.TestCase_01">
        <test-method is-config="true" signature="config()[pri:0, instance:qtriptest.tests.TestCase_01@3a44431a]" started-at="2024-11-13T12:34:27 IST" name="config" finished-at="2024-11-13T12:34:30 IST" duration-ms="3190" status="PASS">
          <reporter-output>
          </reporter-output>
        </test-method> <!-- config -->
        <test-method signature="TestCase01(java.lang.String,java.lang.String)[pri:0, instance:qtriptest.tests.TestCase_01@3a44431a]" started-at="2024-11-13T12:34:33 IST" name="TestCase01" data-provider="datasetforQTrip" finished-at="2024-11-13T12:34:48 IST" duration-ms="15455" status="PASS">
          <params>
            <param index="0">
              <value>
                <![CDATA[testuser@gmail.com]]>
              </value>
            </param>
            <param index="1">
              <value>
                <![CDATA[abc@123]]>
              </value>
            </param>
          </params>
          <reporter-output>
          </reporter-output>
        </test-method> <!-- TestCase01 -->
        <test-method signature="TestCase01(java.lang.String,java.lang.String)[pri:0, instance:qtriptest.tests.TestCase_01@3a44431a]" started-at="2024-11-13T12:34:48 IST" name="TestCase01" data-provider="datasetforQTrip" finished-at="2024-11-13T12:35:04 IST" duration-ms="15303" status="PASS">
          <params>
            <param index="0">
              <value>
                <![CDATA[TESTUSER@gmail.com]]>
              </value>
            </param>
            <param index="1">
              <value>
                <![CDATA[123456.0]]>
              </value>
            </param>
          </params>
          <reporter-output>
          </reporter-output>
        </test-method> <!-- TestCase01 -->
        <test-method signature="TestCase01(java.lang.String,java.lang.String)[pri:0, instance:qtriptest.tests.TestCase_01@3a44431a]" started-at="2024-11-13T12:35:04 IST" name="TestCase01" data-provider="datasetforQTrip" finished-at="2024-11-13T12:35:19 IST" duration-ms="15171" status="PASS">
          <params>
            <param index="0">
              <value>
                <![CDATA[123_USER_low@gmail.com]]>
              </value>
            </param>
            <param index="1">
              <value>
                <![CDATA[QWERTY!!!!]]>
              </value>
            </param>
          </params>
          <reporter-output>
          </reporter-output>
        </test-method> <!-- TestCase01 -->
      </class> <!-- qtriptest.tests.TestCase_01 -->
    </test> <!-- Gradle test -->
  </suite> <!-- Gradle suite -->
</testng-results>
